<?xml version="1.0" encoding="UTF-8"?>
<!-- Generated by org.testng.reporters.JUnitReportReporter -->
<testsuite hostname="Win10-2-205" failures="0" tests="2" name="ZeroBank.ZeroBankTest" time="12.627" errors="0" timestamp="2022-01-05T11:03:55 IST" skipped="0">
  <testcase classname="ZeroBank.ZeroBankTest" name="Purchase_Foreign_Currency_Cash_Alert_Test" time="5.263"/>
  <system-out/>
  <testcase classname="ZeroBank.ZeroBankTest" name="Fund_Transfer_Test" time="7.364"/>
  <system-out/>
</testsuite> <!-- ZeroBank.ZeroBankTest -->
