<?xml version="1.0" encoding="UTF-8"?>
<!-- Generated by org.testng.reporters.JUnitReportReporter -->
<testsuite hostname="Win10-2-205" failures="0" tests="6" name="ZeroBank.ZeroBankTest" time="30.572" errors="0" timestamp="2022-01-05T01:34:16 IST" skipped="0">
  <testcase classname="ZeroBank.ZeroBankTest" name="Purchase_Foreign_Currency_Cash_Alert_Test" time="5.296"/>
  <system-out/>
  <testcase classname="ZeroBank.ZeroBankTest" name="Fund_Transfer_Test" time="5.745"/>
  <system-out/>
  <testcase classname="ZeroBank.ZeroBankTest" name="Purchase_Foreign_Currency_Cash_Invalid_Amount_Test" time="4.268"/>
  <system-out/>
  <testcase classname="ZeroBank.ZeroBankTest" name="Fund_Transfer_Test_NotContinue_for_InvalidValue" time="7.510"/>
  <system-out/>
  <testcase classname="ZeroBank.ZeroBankTest" name="Invalid_Data_In_Search" time="3.152"/>
  <system-out/>
  <testcase classname="ZeroBank.ZeroBankTest" name="On_Cancel_Go_Back" time="4.601"/>
  <system-out/>
</testsuite> <!-- ZeroBank.ZeroBankTest -->
