<?xml version="1.0" encoding="UTF-8"?>
<!-- Generated by org.testng.reporters.JUnitReportReporter -->
<testsuite hostname="Win10-2-205" failures="0" tests="3" name="ZeroBank.ZeroBankLoginTest" time="5.232" errors="0" timestamp="2022-01-05T01:34:16 IST" skipped="0">
  <testcase classname="ZeroBank.ZeroBankLoginTest" name="LoginTest_EmptyUsername_EmptyPassword" time="1.509"/>
  <system-out/>
  <testcase classname="ZeroBank.ZeroBankLoginTest" name="LoginTest_InorrectUsername_CorrectPassword" time="1.662"/>
  <system-out/>
  <testcase classname="ZeroBank.ZeroBankLoginTest" name="LoginTest_CorrectUsername_InorrectPassword" time="2.061"/>
  <system-out/>
</testsuite> <!-- ZeroBank.ZeroBankLoginTest -->
