<?xml version="1.0" encoding="UTF-8"?>
<!-- Generated by org.testng.reporters.JUnitReportReporter -->
<testsuite hostname="Win10-2-205" failures="0" tests="3" name="ZeroBank.ZeroBankLoginTest" time="5.583" errors="0" timestamp="2022-01-05T10:00:05 IST" skipped="0">
  <testcase classname="ZeroBank.ZeroBankLoginTest" name="LoginTest_CorrectUsername_InorrectPassword" time="2.267"/>
  <system-out/>
  <testcase classname="ZeroBank.ZeroBankLoginTest" name="LoginTest_EmptyUsername_EmptyPassword" time="1.580"/>
  <system-out/>
  <testcase classname="ZeroBank.ZeroBankLoginTest" name="LoginTest_InorrectUsername_CorrectPassword" time="1.736"/>
  <system-out/>
</testsuite> <!-- ZeroBank.ZeroBankLoginTest -->
