<?xml version="1.0" encoding="UTF-8"?>
<!-- Generated by org.testng.reporters.JUnitReportReporter -->
<testsuite hostname="Win10-2-205" failures="0" tests="4" name="ZeroBank.PurchaseForeignCurreny" time="25.399" errors="0" timestamp="2022-01-04T22:53:37 IST" skipped="0">
  <testcase classname="ZeroBank.PurchaseForeignCurreny" name="Purchase_Foreign_Currency_Cash_Alert_Test" time="5.502"/>
  <system-out/>
  <testcase classname="ZeroBank.PurchaseForeignCurreny" name="Fund_Transfer_Test" time="9.034"/>
  <system-out/>
  <testcase classname="ZeroBank.PurchaseForeignCurreny" name="Purchase_Foreign_Currency_Cash_Invalid_Amount_Test" time="5.494"/>
  <system-out/>
  <testcase classname="ZeroBank.PurchaseForeignCurreny" name="Fund_Transfer_Test_NotContinue_for_InvalidValue" time="5.369"/>
  <system-out/>
</testsuite> <!-- ZeroBank.PurchaseForeignCurreny -->
